CEM synergy: DIM=16 POP=12 ELITE=3 GENS=10 GAMES=3000 CONC=4 relSigma=0.4 seed=1 hours=3 anchor=[1,0,0,0,1,0,0,0,0,0,1,0,0,0,1,0] -> /home/agent-zinc/hoc-common/sim-out/cem_synergy
pass 0 gen 0: best=50.00% mean=47.35% elite=[50.0,49.4,49.2] w*=[1.00,0.00,0.00,0.00,1.00,0.00,0.00,0.00,0.00,0.00,1.00,0.00,0.00,0.00,1.00,0.00]
pass 0 gen 1: best=50.00% mean=48.07% elite=[50.0,50.0,50.0] w*=[1.03,0.29,-0.08,-0.06,1.20,-0.11,0.08,-0.09,-0.14,0.04,0.71,-0.06,0.00,0.03,0.73,0.09]
pass 0 gen 2: best=50.00% mean=49.00% elite=[50.0,50.0,50.0] w*=[0.85,0.56,-0.13,-0.15,1.15,-0.14,0.12,-0.11,-0.03,-0.01,0.89,0.10,-0.05,-0.10,0.78,0.32]
pass 0 gen 3: best=50.00% mean=49.54% elite=[50.0,50.0,50.0] w*=[0.98,0.52,-0.18,-0.06,1.34,-0.13,0.18,-0.10,0.04,-0.09,0.97,0.18,-0.01,-0.14,0.76,0.32]
pass 0 gen 4: best=50.00% mean=49.63% elite=[50.0,50.0,50.0] w*=[1.17,0.60,-0.14,-0.08,1.28,-0.10,0.21,-0.16,0.12,-0.13,0.83,0.14,-0.09,-0.12,0.95,0.43]
pass 0 gen 5: best=50.00% mean=49.80% elite=[50.0,50.0,50.0] w*=[0.89,0.63,-0.29,0.01,1.26,-0.14,0.33,-0.18,0.04,-0.05,0.84,0.20,-0.11,-0.16,1.24,0.34]
pass 0 gen 6: best=50.00% mean=49.57% elite=[50.0,50.0,50.0] w*=[1.11,0.67,-0.23,-0.05,1.07,-0.08,0.34,-0.16,-0.03,-0.04,0.93,0.15,0.00,-0.12,1.32,0.54]
pass 0 gen 7: best=50.00% mean=50.00% elite=[50.0,50.0,50.0] w*=[0.88,0.81,-0.23,-0.14,1.41,-0.09,0.43,-0.15,-0.03,-0.01,1.28,0.15,-0.04,-0.06,1.43,0.49]
pass 0 gen 8: best=50.00% mean=49.87% elite=[50.0,50.0,50.0] w*=[0.70,0.81,-0.17,-0.23,1.29,-0.15,0.40,-0.15,-0.12,-0.08,1.25,0.15,-0.08,-0.02,1.27,0.64]
pass 0 gen 9: best=50.00% mean=49.87% elite=[50.0,50.0,50.0] w*=[0.16,0.75,-0.18,-0.20,1.50,-0.13,0.44,-0.17,-0.22,-0.11,1.43,0.14,-0.14,-0.11,1.29,0.75]
pass 1 gen 0: best=50.00% mean=47.30% elite=[50.0,50.0,50.0] w*=[1.00,0.00,0.00,0.00,1.00,0.00,0.00,0.00,0.00,0.00,1.00,0.00,0.00,0.00,1.00,0.00]
pass 1 gen 1: best=50.00% mean=49.28% elite=[50.0,50.0,50.0] w*=[1.09,0.03,0.01,-0.02,0.92,0.02,-0.00,-0.09,0.07,-0.06,1.72,0.09,-0.02,-0.09,1.39,0.09]
pass 1 gen 2: best=50.00% mean=49.23% elite=[50.0,50.0,50.0] w*=[1.12,0.14,-0.09,0.12,0.79,-0.00,0.02,-0.06,-0.01,-0.02,1.88,0.09,-0.17,-0.16,1.05,0.12]
pass 1 gen 3: best=50.00% mean=49.38% elite=[50.0,50.0,50.0] w*=[0.90,0.16,0.04,-0.03,0.57,0.03,0.00,-0.03,-0.04,-0.02,1.67,0.11,-0.17,-0.01,1.12,0.11]
pass 1 gen 4: best=50.00% mean=49.38% elite=[50.0,50.0,50.0] w*=[0.62,0.17,0.03,-0.19,0.11,0.14,0.10,-0.11,-0.07,-0.03,1.55,0.24,-0.19,-0.08,0.87,0.04]
pass 1 gen 5: best=50.00% mean=49.73% elite=[50.0,50.0,50.0] w*=[0.71,0.16,0.03,-0.21,0.07,0.16,0.02,-0.22,-0.05,-0.01,1.95,0.32,-0.01,-0.13,1.00,0.09]
pass 1 gen 6: best=50.00% mean=50.00% elite=[50.0,50.0,50.0] w*=[0.80,0.17,0.02,-0.19,-0.13,0.19,0.10,-0.20,-0.17,0.03,1.97,0.29,0.06,-0.11,0.87,0.14]
pass 1 gen 7: best=50.00% mean=49.93% elite=[50.0,50.0,50.0] w*=[0.34,0.18,0.05,-0.12,-0.20,0.09,0.01,-0.23,-0.16,-0.00,1.78,0.27,0.10,-0.13,1.14,0.04]
pass 1 gen 8: best=50.00% mean=50.00% elite=[50.0,50.0,50.0] w*=[0.36,0.13,0.08,-0.14,-0.09,0.12,0.00,-0.29,-0.14,-0.11,1.64,0.20,0.01,-0.14,1.16,0.00]
pass 1 gen 9: best=50.00% mean=50.00% elite=[50.0,50.0,50.0] w*=[0.37,0.18,0.03,-0.14,-0.27,0.13,-0.05,-0.33,-0.17,-0.10,1.75,0.15,-0.00,-0.10,1.12,-0.02]
pass 2 gen 0: best=50.00% mean=47.56% elite=[50.0,50.0,48.8] w*=[1.00,0.00,0.00,0.00,1.00,0.00,0.00,0.00,0.00,0.00,1.00,0.00,0.00,0.00,1.00,0.00]
pass 2 gen 1: best=50.00% mean=47.22% elite=[50.0,49.7,49.5] w*=[1.00,0.01,-0.03,-0.02,0.90,0.12,0.13,0.06,0.08,-0.04,0.77,0.10,-0.14,0.09,1.14,0.19]
pass 2 gen 2: best=50.00% mean=48.96% elite=[50.0,50.0,50.0] w*=[1.10,-0.01,-0.07,-0.12,0.57,0.14,0.11,0.01,0.02,-0.01,1.33,-0.00,-0.07,0.02,1.30,0.25]
pass 2 gen 3: best=50.00% mean=49.16% elite=[50.0,50.0,50.0] w*=[1.03,0.14,0.08,-0.17,0.88,0.08,0.10,-0.01,0.06,0.04,1.31,0.01,-0.17,0.08,1.54,0.23]
pass 2 gen 4: best=50.00% mean=49.74% elite=[50.0,50.0,50.0] w*=[0.79,0.15,0.02,-0.14,0.90,0.07,0.01,-0.03,0.10,0.04,1.59,0.01,-0.24,0.02,1.65,0.28]
pass 2 gen 5: best=50.00% mean=49.45% elite=[50.0,50.0,50.0] w*=[0.77,0.20,-0.06,-0.21,0.70,-0.02,0.06,-0.13,0.25,-0.02,1.52,0.01,-0.29,0.01,1.56,0.26]
pass 2 gen 6: best=50.00% mean=49.55% elite=[50.0,50.0,50.0] w*=[0.77,0.20,-0.04,-0.30,1.02,-0.06,0.11,-0.16,0.27,0.04,1.65,0.07,-0.36,0.08,1.54,0.24]
pass 2 gen 7: best=50.00% mean=50.00% elite=[50.0,50.0,50.0] w*=[0.95,0.20,-0.08,-0.18,1.12,-0.11,0.10,-0.13,0.32,-0.15,1.64,0.10,-0.35,0.10,1.40,0.21]
pass 2 gen 8: best=50.00% mean=49.83% elite=[50.0,50.0,50.0] w*=[0.79,0.10,-0.05,-0.05,1.67,-0.15,0.09,0.00,0.32,-0.26,1.66,0.17,-0.35,0.08,1.49,0.20]
pass 2 gen 9: best=50.00% mean=49.48% elite=[50.0,50.0,50.0] w*=[0.88,0.17,-0.09,-0.03,1.69,-0.08,0.14,-0.02,0.27,-0.20,1.73,0.12,-0.23,0.14,1.68,0.33]
pass 3 gen 0: best=50.00% mean=48.68% elite=[50.0,50.0,50.0] w*=[1.00,0.00,0.00,0.00,1.00,0.00,0.00,0.00,0.00,0.00,1.00,0.00,0.00,0.00,1.00,0.00]
pass 3 gen 1: best=50.00% mean=49.12% elite=[50.0,50.0,50.0] w*=[1.28,-0.04,-0.04,-0.04,1.61,-0.06,0.02,-0.12,-0.03,-0.04,1.14,0.01,0.04,-0.02,1.18,-0.03]
pass 3 gen 2: best=50.00% mean=49.70% elite=[50.0,50.0,50.0] w*=[1.17,0.07,-0.10,-0.03,1.68,0.01,0.03,-0.28,0.02,-0.01,1.01,0.11,-0.10,-0.07,0.94,-0.12]
pass 3 gen 3: best=50.00% mean=49.35% elite=[50.0,50.0,50.0] w*=[1.03,0.31,0.01,0.04,1.73,0.15,0.04,-0.41,-0.11,0.04,0.77,0.22,-0.08,-0.04,1.16,-0.05]
pass 3 gen 4: best=50.00% mean=49.84% elite=[50.0,50.0,50.0] w*=[0.87,0.67,-0.10,0.14,1.61,0.12,-0.04,-0.43,-0.19,0.05,0.78,0.25,-0.07,-0.03,1.33,-0.04]
pass 3 gen 5: best=50.00% mean=49.95% elite=[50.0,50.0,50.0] w*=[0.94,0.31,-0.15,0.07,1.55,0.16,0.03,-0.39,-0.13,-0.01,0.52,0.20,0.08,-0.06,1.65,-0.04]
pass 3 gen 6: best=50.00% mean=49.97% elite=[50.0,50.0,50.0] w*=[0.82,0.29,-0.30,0.15,1.44,0.27,-0.02,-0.34,-0.13,-0.03,0.12,0.18,0.15,-0.07,1.50,-0.03]
pass 3 gen 7: best=50.00% mean=49.74% elite=[50.0,50.0,50.0] w*=[0.56,0.21,-0.20,0.12,1.58,0.22,-0.05,-0.33,-0.02,-0.09,-0.03,0.20,0.24,-0.17,1.51,0.07]
pass 3 gen 8: best=50.00% mean=49.79% elite=[50.0,50.0,50.0] w*=[0.60,0.28,-0.15,0.09,1.60,0.19,-0.08,-0.29,-0.12,-0.13,-0.23,0.19,0.10,-0.17,1.38,0.11]
pass 3 gen 9: best=50.00% mean=50.00% elite=[50.0,50.0,50.0] w*=[0.44,0.27,0.01,0.11,1.78,0.19,-0.07,-0.27,-0.10,-0.18,0.03,0.26,0.20,-0.18,1.22,0.13]
pass 4 gen 0: best=50.00% mean=46.82% elite=[50.0,50.0,48.9] w*=[1.00,0.00,0.00,0.00,1.00,0.00,0.00,0.00,0.00,0.00,1.00,0.00,0.00,0.00,1.00,0.00]
pass 4 gen 1: best=50.00% mean=49.07% elite=[50.0,50.0,50.0] w*=[1.02,0.06,-0.20,0.07,1.27,-0.10,0.05,-0.15,-0.04,0.01,0.92,0.15,-0.01,-0.06,0.79,0.00]
pass 4 gen 2: best=50.00% mean=49.05% elite=[50.0,50.0,50.0] w*=[0.19,0.12,-0.14,0.02,1.16,-0.07,-0.08,-0.16,0.05,0.05,1.27,0.35,-0.05,0.02,1.09,0.11]
pass 4 gen 3: best=50.00% mean=48.70% elite=[50.0,50.0,50.0] w*=[0.07,0.19,-0.18,-0.04,0.73,0.09,0.06,-0.12,-0.03,-0.01,1.13,0.25,-0.19,0.03,0.94,0.04]
pass 4 gen 4: best=50.00% mean=49.07% elite=[50.0,50.0,50.0] w*=[0.23,0.25,0.09,-0.17,0.85,0.15,-0.06,-0.06,-0.03,0.09,0.87,0.20,-0.24,0.03,1.10,-0.09]
pass 4 gen 5: best=50.00% mean=49.59% elite=[50.0,50.0,50.0] w*=[0.33,0.28,0.15,-0.12,0.72,0.13,-0.09,-0.05,-0.04,0.07,1.01,0.12,-0.29,0.06,1.28,-0.05]
pass 4 gen 6: best=50.00% mean=49.21% elite=[50.0,50.0,50.0] w*=[0.14,0.32,0.14,-0.10,0.73,0.14,-0.22,0.00,0.00,0.01,1.15,0.02,-0.38,0.06,1.41,-0.01]
