=== 16:38:03 draft-v06 iter 1 seed 910911 START ===
CEM draft: DIM=11 POP=44 ELITE=8 GENS=15 GAMES=4000 CONC=1 relSigma=0.4 seed=910911 hours=0 anchor=[35,0.125,95,3,1.2,5,6,50,70,60,45] -> /home/agent-zinc/hoc-common/sim-out/cem_draft
=== 16:43:16 draftco iter 1 seed 920911 START ===
CEM draft: DIM=11 POP=44 ELITE=8 GENS=15 GAMES=4000 CONC=1 relSigma=0.4 seed=920911 hours=0 anchor=[35,0.125,95,3,1.2,5,6,50,70,60,45] -> /home/agent-zinc/hoc-common/sim-out/cem_draft
pass 0 gen 0: best=50.03% mean=47.20% elite=[50.0,50.0,50.0,50.0,50.0,50.0,50.0,50.0] w*=[24.63,0.66,-112.70,-3.44,4.32,9.21,-13.31,25.21,106.68,22.44,31.39]
pass 0 gen 1: best=50.03% mean=48.34% elite=[50.0,50.0,50.0,50.0,50.0,50.0,50.0,50.0] w*=[24.80,0.53,-123.49,-3.38,3.40,7.16,-10.26,32.64,87.27,12.89,24.83]
pass 0 gen 2: best=50.00% mean=49.63% elite=[50.0,50.0,50.0,50.0,50.0,50.0,50.0,50.0] w*=[29.80,0.52,-131.37,-3.72,3.41,7.64,-11.09,16.03,99.94,21.14,23.00]
pass 0 gen 3: best=50.03% mean=49.65% elite=[50.0,50.0,50.0,50.0,50.0,50.0,50.0,50.0] w*=[34.50,0.53,-125.64,-3.43,3.45,7.09,-11.32,11.32,113.10,23.93,24.30]
pass 0 gen 4: best=50.03% mean=49.32% elite=[50.0,50.0,50.0,50.0,50.0,50.0,50.0,50.0] w*=[22.11,0.49,-125.60,-3.61,3.31,6.31,-10.80,6.16,112.34,32.15,23.37]
pass 0 gen 5: best=50.03% mean=49.83% elite=[50.0,50.0,50.0,50.0,50.0,50.0,50.0,50.0] w*=[19.36,0.52,-139.48,-4.02,3.30,5.91,-10.62,16.63,107.10,38.03,25.15]
pass 0 gen 6: best=50.00% mean=49.87% elite=[50.0,50.0,50.0,50.0,50.0,50.0,50.0,50.0] w*=[14.37,0.50,-151.04,-3.86,3.52,5.76,-10.99,14.47,111.89,30.92,29.59]
pass 0 gen 7: best=50.00% mean=49.90% elite=[50.0,50.0,50.0,50.0,50.0,50.0,50.0,50.0] w*=[11.83,0.54,-155.03,-4.25,3.63,4.76,-11.06,10.53,116.08,23.96,36.46]
pass 0 gen 8: best=50.00% mean=49.87% elite=[50.0,50.0,50.0,50.0,50.0,50.0,50.0,50.0] w*=[6.14,0.61,-197.72,-4.41,3.64,4.91,-11.54,10.52,113.46,27.21,39.56]
pass 0 gen 9: best=50.00% mean=49.90% elite=[50.0,50.0,50.0,50.0,50.0,50.0,50.0,50.0] w*=[9.00,0.58,-199.44,-4.35,3.60,4.95,-12.17,6.84,107.42,23.25,37.06]
pass 0 gen 10: best=50.05% mean=50.01% elite=[50.1,50.1,50.1,50.1,50.1,50.1,50.1,50.1] w*=[1.75,0.55,-196.40,-4.27,3.65,5.24,-12.16,10.18,103.33,23.33,36.87]
pass 0 gen 11: best=50.00% mean=49.88% elite=[50.0,50.0,50.0,50.0,50.0,50.0,50.0,50.0] w*=[5.22,0.57,-192.64,-4.73,3.52,4.79,-11.90,9.47,98.68,18.08,40.37]
pass 0 gen 12: best=50.05% mean=50.05% elite=[50.1,50.1,50.1,50.1,50.1,50.1,50.1,50.1] w*=[3.83,0.57,-209.47,-4.74,3.54,4.38,-11.78,13.96,95.03,16.04,40.28]
pass 0 gen 13: best=50.03% mean=50.03% elite=[50.0,50.0,50.0,50.0,50.0,50.0,50.0,50.0] w*=[-2.53,0.57,-203.63,-4.84,3.57,4.29,-12.35,13.93,97.67,15.84,40.64]
pass 0 gen 14: best=50.03% mean=50.03% elite=[50.0,50.0,50.0,50.0,50.0,50.0,50.0,50.0] w*=[-0.71,0.54,-203.45,-4.84,3.60,4.28,-12.26,18.88,91.85,16.19,36.33]
VALIDATION best on held-out seed: 49.94% (train 50.05%)
DONE. best.json -> /home/agent-zinc/hoc-common/sim-out/cem_draft/best.json
=== 20:02:43 draftco iter 1 DONE ===
=== 20:02:43 draftco iter 2 seed 921822 START ===
CEM draft: DIM=11 POP=44 ELITE=8 GENS=15 GAMES=4000 CONC=1 relSigma=0.4 seed=921822 hours=0 anchor=[35,0.125,95,3,1.2,5,6,50,70,60,45] -> /home/agent-zinc/hoc-common/sim-out/cem_draft
pass 0 gen 0: best=50.00% mean=46.08% elite=[50.0,50.0,49.8,49.8,49.8,49.8,49.8,49.8] w*=[22.11,0.53,-90.81,-2.89,3.39,7.30,-9.02,47.21,74.50,35.78,5.68]
pass 0 gen 1: best=50.03% mean=48.44% elite=[50.0,50.0,49.9,49.8,49.8,49.8,49.8,49.8] w*=[23.81,0.48,-58.20,-2.75,3.54,7.35,-8.86,16.86,102.29,64.17,-15.87]
pass 0 gen 2: best=50.06% mean=48.50% elite=[50.1,50.1,50.0,50.0,50.0,50.0,49.8,49.8] w*=[21.52,0.83,-64.95,-1.14,4.26,6.47,-7.39,28.06,84.40,43.66,-11.70]
pass 0 gen 3: best=50.04% mean=48.27% elite=[50.0,50.0,50.0,50.0,50.0,49.9,49.8,49.8] w*=[17.20,0.78,-80.65,-4.14,4.12,8.36,-8.62,37.22,48.48,12.93,-1.04]
pass 0 gen 4: best=50.04% mean=48.24% elite=[50.0,50.0,50.0,50.0,50.0,50.0,49.9,49.9] w*=[45.13,0.54,-97.06,-3.49,3.25,7.23,-7.68,55.38,36.33,53.55,12.43]
pass 0 gen 5: best=50.06% mean=47.71% elite=[50.1,50.0,50.0,50.0,50.0,50.0,50.0,50.0] w*=[29.76,0.77,-79.35,-3.37,3.75,5.58,-5.53,60.49,8.38,38.15,-6.80]
pass 0 gen 6: best=50.04% mean=47.58% elite=[50.0,50.0,50.0,50.0,50.0,49.8,49.8,49.8] w*=[6.11,0.73,-83.15,-3.92,4.00,7.42,-8.66,52.78,47.84,80.24,7.51]
pass 0 gen 7: best=50.01% mean=48.13% elite=[50.0,50.0,50.0,49.8,49.8,49.8,49.8,49.8] w*=[10.63,0.83,-96.06,-3.44,4.74,8.81,-8.30,37.82,7.95,71.06,-19.45]
pass 0 gen 8: best=50.01% mean=49.02% elite=[50.0,50.0,50.0,50.0,49.8,49.8,49.8,49.8] w*=[27.14,0.52,-85.97,-4.33,4.40,8.07,-9.81,58.95,23.10,34.32,-27.32]
pass 0 gen 9: best=50.04% mean=49.74% elite=[50.0,50.0,50.0,50.0,49.8,49.8,49.8,49.8] w*=[33.13,0.72,-94.40,-3.40,4.92,7.97,-6.78,46.47,45.91,64.23,-3.41]
pass 0 gen 10: best=50.06% mean=48.79% elite=[50.1,50.1,50.0,50.0,50.0,50.0,49.8,49.8] w*=[19.18,0.58,-99.55,-5.95,3.40,7.62,-8.97,79.61,49.66,55.51,-2.83]
pass 0 gen 11: best=50.06% mean=48.16% elite=[50.1,50.1,50.1,50.1,50.1,50.0,50.0,50.0] w*=[36.75,0.59,-99.87,-4.66,4.37,6.53,-5.94,77.45,34.59,54.53,-19.39]
pass 0 gen 12: best=50.09% mean=48.26% elite=[50.1,50.1,50.0,50.0,50.0,50.0,50.0,50.0] w*=[27.53,0.70,-99.16,-3.67,4.89,8.48,-8.72,52.14,42.06,49.28,-16.31]
pass 0 gen 13: best=50.04% mean=48.60% elite=[50.0,50.0,50.0,50.0,50.0,50.0,50.0,50.0] w*=[25.40,0.65,-113.78,-3.65,3.88,8.41,-6.76,50.94,44.66,39.75,-21.56]
pass 0 gen 14: best=50.06% mean=48.08% elite=[50.1,50.1,50.1,50.1,50.1,50.1,50.1,50.0] w*=[30.13,0.64,-108.56,-4.19,4.42,8.40,-7.90,59.50,30.63,41.62,-10.91]
VALIDATION best on held-out seed: 49.75% (train 50.09%)
DONE. best.json -> /home/agent-zinc/hoc-common/sim-out/cem_draft/best.json
=== 23:26:29 draftco iter 2 DONE ===
=== 23:26:29 draftco iter 3 seed 922733 START ===
CEM draft: DIM=11 POP=44 ELITE=8 GENS=15 GAMES=4000 CONC=1 relSigma=0.4 seed=922733 hours=0 anchor=[35,0.125,95,3,1.2,5,6,50,70,60,45] -> /home/agent-zinc/hoc-common/sim-out/cem_draft
pass 0 gen 0: best=50.00% mean=47.16% elite=[50.0,50.0,49.9,49.9,49.9,49.9,49.9,49.9] w*=[22.11,0.53,-90.81,-2.89,3.39,7.30,-9.02,47.21,74.50,35.78,5.68]
